{"name":"plotly-database-connector-logger","hostname":"christophers-MacBook-Air.local","pid":82873,"level":30,"msg":"Starting server","time":"2016-11-28T01:17:59.172Z","v":0}
{"name":"plotly-database-connector-logger","hostname":"christophers-MacBook-Air.local","pid":82873,"level":30,"msg":"Loading persistent queries","time":"2016-11-28T01:17:59.203Z","v":0}
{"name":"plotly-database-connector-logger","hostname":"christophers-MacBook-Air.local","pid":82873,"level":30,"msg":"Request: /","time":"2016-11-28T01:18:21.742Z","v":0}
{"name":"plotly-database-connector-logger","hostname":"christophers-MacBook-Air.local","pid":82873,"level":30,"msg":"Request: /static/style.css","time":"2016-11-28T01:18:21.832Z","v":0}
{"name":"plotly-database-connector-logger","hostname":"christophers-MacBook-Air.local","pid":82873,"level":30,"msg":"Request: /static/react-select.min.css","time":"2016-11-28T01:18:21.834Z","v":0}
{"name":"plotly-database-connector-logger","hostname":"christophers-MacBook-Air.local","pid":82873,"level":30,"msg":"Request: /static/web-bundle.min.js","time":"2016-11-28T01:18:21.835Z","v":0}
{"name":"plotly-database-connector-logger","hostname":"christophers-MacBook-Air.local","pid":82873,"level":30,"msg":"Request: /connections","time":"2016-11-28T01:18:22.790Z","v":0}
{"name":"plotly-database-connector-logger","hostname":"christophers-MacBook-Air.local","pid":82873,"level":30,"msg":"Request: /has-certs","time":"2016-11-28T01:18:22.833Z","v":0}
{"name":"plotly-database-connector-logger","hostname":"christophers-MacBook-Air.local","pid":82873,"level":30,"msg":"Request: /images/plotly-connector-logo.svg","time":"2016-11-28T01:18:22.836Z","v":0}
{"name":"plotly-database-connector-logger","hostname":"christophers-MacBook-Air.local","pid":82873,"level":30,"msg":"Request: /images/mysql-logo.png","time":"2016-11-28T01:18:23.145Z","v":0}
{"name":"plotly-database-connector-logger","hostname":"christophers-MacBook-Air.local","pid":82873,"level":30,"msg":"Request: /images/mariadb-logo.png","time":"2016-11-28T01:18:23.147Z","v":0}
{"name":"plotly-database-connector-logger","hostname":"christophers-MacBook-Air.local","pid":82873,"level":30,"msg":"Request: /images/postgres-logo.png","time":"2016-11-28T01:18:23.149Z","v":0}
{"name":"plotly-database-connector-logger","hostname":"christophers-MacBook-Air.local","pid":82873,"level":30,"msg":"Request: /images/delete.png","time":"2016-11-28T01:18:23.154Z","v":0}
{"name":"plotly-database-connector-logger","hostname":"christophers-MacBook-Air.local","pid":82873,"level":30,"msg":"Request: /images/add.png","time":"2016-11-28T01:18:23.156Z","v":0}
{"name":"plotly-database-connector-logger","hostname":"christophers-MacBook-Air.local","pid":82873,"level":30,"msg":"Request: /images/redshift-logo.png","time":"2016-11-28T01:18:23.168Z","v":0}
{"name":"plotly-database-connector-logger","hostname":"christophers-MacBook-Air.local","pid":82873,"level":30,"msg":"Request: /images/elastic-logo.png","time":"2016-11-28T01:18:23.217Z","v":0}
{"name":"plotly-database-connector-logger","hostname":"christophers-MacBook-Air.local","pid":82873,"level":30,"msg":"Request: /images/mssql-logo.png","time":"2016-11-28T01:18:23.220Z","v":0}
{"name":"plotly-database-connector-logger","hostname":"christophers-MacBook-Air.local","pid":82873,"level":30,"msg":"Request: /images/sqlite-logo.png","time":"2016-11-28T01:18:23.227Z","v":0}
{"name":"plotly-database-connector-logger","hostname":"christophers-MacBook-Air.local","pid":82873,"level":30,"msg":"Request: /images/s3-logo.png","time":"2016-11-28T01:18:23.235Z","v":0}
{"name":"plotly-database-connector-logger","hostname":"christophers-MacBook-Air.local","pid":82873,"level":30,"msg":"Request: /images/apache_drill-logo.png","time":"2016-11-28T01:18:23.239Z","v":0}
{"name":"plotly-database-connector-logger","hostname":"christophers-MacBook-Air.local","pid":82873,"level":30,"msg":"Request: /static/style.css","time":"2016-11-28T01:18:32.528Z","v":0}
{"name":"plotly-database-connector-logger","hostname":"christophers-MacBook-Air.local","pid":82873,"level":30,"msg":"Request: /static/web-bundle.min.js.map","time":"2016-11-28T01:18:32.625Z","v":0}
{"name":"plotly-database-connector-logger","hostname":"christophers-MacBook-Air.local","pid":82873,"level":30,"msg":"Request: /","time":"2016-11-28T01:30:10.751Z","v":0}
{"name":"plotly-database-connector-logger","hostname":"christophers-MacBook-Air.local","pid":82873,"level":30,"msg":"Request: /static/style.css","time":"2016-11-28T01:30:11.135Z","v":0}
{"name":"plotly-database-connector-logger","hostname":"christophers-MacBook-Air.local","pid":82873,"level":30,"msg":"Request: /static/react-select.min.css","time":"2016-11-28T01:30:11.194Z","v":0}
{"name":"plotly-database-connector-logger","hostname":"christophers-MacBook-Air.local","pid":82873,"level":30,"msg":"Request: /static/web-bundle.min.js","time":"2016-11-28T01:30:11.197Z","v":0}
{"name":"plotly-database-connector-logger","hostname":"christophers-MacBook-Air.local","pid":82873,"level":30,"msg":"Request: /images/plotly-connector-logo.svg","time":"2016-11-28T01:30:11.897Z","v":0}
{"name":"plotly-database-connector-logger","hostname":"christophers-MacBook-Air.local","pid":82873,"level":30,"msg":"Request: /connections","time":"2016-11-28T01:30:11.901Z","v":0}
{"name":"plotly-database-connector-logger","hostname":"christophers-MacBook-Air.local","pid":82873,"level":30,"msg":"Request: /has-certs","time":"2016-11-28T01:30:12.048Z","v":0}
{"name":"plotly-database-connector-logger","hostname":"christophers-MacBook-Air.local","pid":82873,"level":30,"msg":"Request: /static/favicon-16x16.png","time":"2016-11-28T01:30:12.960Z","v":0}
{"name":"plotly-database-connector-logger","hostname":"christophers-MacBook-Air.local","pid":82873,"level":30,"msg":"Request: /static/favicon-96x96.png","time":"2016-11-28T01:30:12.980Z","v":0}
{"name":"plotly-database-connector-logger","hostname":"christophers-MacBook-Air.local","pid":82873,"level":30,"msg":"Request: /static/favicon-32x32.png","time":"2016-11-28T01:30:13.012Z","v":0}
{"name":"plotly-database-connector-logger","hostname":"christophers-MacBook-Air.local","pid":82873,"level":30,"msg":"Request: /static/android-icon-192x192.png","time":"2016-11-28T01:30:13.031Z","v":0}
{"name":"plotly-database-connector-logger","hostname":"christophers-MacBook-Air.local","pid":82873,"level":30,"msg":"Request: /static/web-bundle.min.js.map","time":"2016-11-28T01:30:51.175Z","v":0}
{"name":"plotly-database-connector-logger","hostname":"christophers-MacBook-Air.local","pid":82873,"level":30,"msg":"Request: /static/style.css.map","time":"2016-11-28T01:30:51.189Z","v":0}
{"name":"plotly-database-connector-logger","hostname":"christophers-MacBook-Air.local","pid":82873,"level":30,"msg":"Request: /","time":"2016-11-28T01:31:02.794Z","v":0}
{"name":"plotly-database-connector-logger","hostname":"christophers-MacBook-Air.local","pid":82873,"level":30,"msg":"Request: /static/style.css","time":"2016-11-28T01:31:02.951Z","v":0}
{"name":"plotly-database-connector-logger","hostname":"christophers-MacBook-Air.local","pid":82873,"level":30,"msg":"Request: /static/react-select.min.css","time":"2016-11-28T01:31:03.020Z","v":0}
{"name":"plotly-database-connector-logger","hostname":"christophers-MacBook-Air.local","pid":82873,"level":30,"msg":"Request: /static/web-bundle.min.js","time":"2016-11-28T01:31:03.050Z","v":0}
{"name":"plotly-database-connector-logger","hostname":"christophers-MacBook-Air.local","pid":82873,"level":30,"msg":"Request: /static/style.css.map","time":"2016-11-28T01:31:03.548Z","v":0}
{"name":"plotly-database-connector-logger","hostname":"christophers-MacBook-Air.local","pid":82873,"level":30,"msg":"Request: /static/web-bundle.min.js.map","time":"2016-11-28T01:31:03.698Z","v":0}
{"name":"plotly-database-connector-logger","hostname":"christophers-MacBook-Air.local","pid":82873,"level":30,"msg":"Request: /connections","time":"2016-11-28T01:31:03.779Z","v":0}
{"name":"plotly-database-connector-logger","hostname":"christophers-MacBook-Air.local","pid":82873,"level":30,"msg":"Request: /has-certs","time":"2016-11-28T01:31:03.819Z","v":0}
{"name":"plotly-database-connector-logger","hostname":"christophers-MacBook-Air.local","pid":82873,"level":30,"msg":"Request: /images/plotly-connector-logo.svg","time":"2016-11-28T01:31:03.832Z","v":0}
{"name":"plotly-database-connector-logger","hostname":"christophers-MacBook-Air.local","pid":82873,"level":30,"msg":"Request: /images/delete.png","time":"2016-11-28T01:31:03.986Z","v":0}
{"name":"plotly-database-connector-logger","hostname":"christophers-MacBook-Air.local","pid":82873,"level":30,"msg":"Request: /images/add.png","time":"2016-11-28T01:31:04.007Z","v":0}
{"name":"plotly-database-connector-logger","hostname":"christophers-MacBook-Air.local","pid":82873,"level":30,"msg":"Request: /images/mysql-logo.png","time":"2016-11-28T01:31:04.018Z","v":0}
{"name":"plotly-database-connector-logger","hostname":"christophers-MacBook-Air.local","pid":82873,"level":30,"msg":"Request: /images/mariadb-logo.png","time":"2016-11-28T01:31:04.023Z","v":0}
{"name":"plotly-database-connector-logger","hostname":"christophers-MacBook-Air.local","pid":82873,"level":30,"msg":"Request: /images/postgres-logo.png","time":"2016-11-28T01:31:04.029Z","v":0}
{"name":"plotly-database-connector-logger","hostname":"christophers-MacBook-Air.local","pid":82873,"level":30,"msg":"Request: /images/redshift-logo.png","time":"2016-11-28T01:31:04.086Z","v":0}
{"name":"plotly-database-connector-logger","hostname":"christophers-MacBook-Air.local","pid":82873,"level":30,"msg":"Request: /images/elastic-logo.png","time":"2016-11-28T01:31:04.117Z","v":0}
{"name":"plotly-database-connector-logger","hostname":"christophers-MacBook-Air.local","pid":82873,"level":30,"msg":"Request: /images/mssql-logo.png","time":"2016-11-28T01:31:04.126Z","v":0}
{"name":"plotly-database-connector-logger","hostname":"christophers-MacBook-Air.local","pid":82873,"level":30,"msg":"Request: /images/sqlite-logo.png","time":"2016-11-28T01:31:04.167Z","v":0}
{"name":"plotly-database-connector-logger","hostname":"christophers-MacBook-Air.local","pid":82873,"level":30,"msg":"Request: /images/s3-logo.png","time":"2016-11-28T01:31:04.167Z","v":0}
{"name":"plotly-database-connector-logger","hostname":"christophers-MacBook-Air.local","pid":82873,"level":30,"msg":"Request: /images/apache_drill-logo.png","time":"2016-11-28T01:31:04.210Z","v":0}
{"name":"plotly-database-connector-logger","hostname":"christophers-MacBook-Air.local","pid":82873,"level":30,"msg":"Request: /static/favicon-16x16.png","time":"2016-11-28T01:31:04.860Z","v":0}
{"name":"plotly-database-connector-logger","hostname":"christophers-MacBook-Air.local","pid":82873,"level":30,"msg":"Request: /static/favicon-96x96.png","time":"2016-11-28T01:31:04.935Z","v":0}
{"name":"plotly-database-connector-logger","hostname":"christophers-MacBook-Air.local","pid":82873,"level":30,"msg":"Request: /","time":"2016-11-28T01:31:36.234Z","v":0}
{"name":"plotly-database-connector-logger","hostname":"christophers-MacBook-Air.local","pid":82873,"level":30,"msg":"Request: /static/style.css","time":"2016-11-28T01:31:36.552Z","v":0}
{"name":"plotly-database-connector-logger","hostname":"christophers-MacBook-Air.local","pid":82873,"level":30,"msg":"Request: /static/react-select.min.css","time":"2016-11-28T01:31:36.555Z","v":0}
{"name":"plotly-database-connector-logger","hostname":"christophers-MacBook-Air.local","pid":82873,"level":30,"msg":"Request: /static/web-bundle.min.js","time":"2016-11-28T01:31:36.577Z","v":0}
{"name":"plotly-database-connector-logger","hostname":"christophers-MacBook-Air.local","pid":82873,"level":30,"msg":"Request: /static/style.css.map","time":"2016-11-28T01:31:37.128Z","v":0}
{"name":"plotly-database-connector-logger","hostname":"christophers-MacBook-Air.local","pid":82873,"level":30,"msg":"Request: /connections","time":"2016-11-28T01:31:37.249Z","v":0}
{"name":"plotly-database-connector-logger","hostname":"christophers-MacBook-Air.local","pid":82873,"level":30,"msg":"Request: /has-certs","time":"2016-11-28T01:31:37.583Z","v":0}
{"name":"plotly-database-connector-logger","hostname":"christophers-MacBook-Air.local","pid":82873,"level":30,"msg":"Request: /images/plotly-connector-logo.svg","time":"2016-11-28T01:31:37.591Z","v":0}
{"name":"plotly-database-connector-logger","hostname":"christophers-MacBook-Air.local","pid":82873,"level":30,"msg":"Request: /static/web-bundle.min.js.map","time":"2016-11-28T01:31:37.705Z","v":0}
{"name":"plotly-database-connector-logger","hostname":"christophers-MacBook-Air.local","pid":82873,"level":30,"msg":"Request: /images/delete.png","time":"2016-11-28T01:31:38.004Z","v":0}
{"name":"plotly-database-connector-logger","hostname":"christophers-MacBook-Air.local","pid":82873,"level":30,"msg":"Request: /images/add.png","time":"2016-11-28T01:31:38.005Z","v":0}
{"name":"plotly-database-connector-logger","hostname":"christophers-MacBook-Air.local","pid":82873,"level":30,"msg":"Request: /images/mysql-logo.png","time":"2016-11-28T01:31:38.008Z","v":0}
{"name":"plotly-database-connector-logger","hostname":"christophers-MacBook-Air.local","pid":82873,"level":30,"msg":"Request: /images/mariadb-logo.png","time":"2016-11-28T01:31:38.009Z","v":0}
{"name":"plotly-database-connector-logger","hostname":"christophers-MacBook-Air.local","pid":82873,"level":30,"msg":"Request: /images/postgres-logo.png","time":"2016-11-28T01:31:38.169Z","v":0}
{"name":"plotly-database-connector-logger","hostname":"christophers-MacBook-Air.local","pid":82873,"level":30,"msg":"Request: /images/redshift-logo.png","time":"2016-11-28T01:31:38.231Z","v":0}
{"name":"plotly-database-connector-logger","hostname":"christophers-MacBook-Air.local","pid":82873,"level":30,"msg":"Request: /images/elastic-logo.png","time":"2016-11-28T01:31:38.399Z","v":0}
{"name":"plotly-database-connector-logger","hostname":"christophers-MacBook-Air.local","pid":82873,"level":30,"msg":"Request: /images/mssql-logo.png","time":"2016-11-28T01:31:38.433Z","v":0}
{"name":"plotly-database-connector-logger","hostname":"christophers-MacBook-Air.local","pid":82873,"level":30,"msg":"Request: /images/sqlite-logo.png","time":"2016-11-28T01:31:38.472Z","v":0}
{"name":"plotly-database-connector-logger","hostname":"christophers-MacBook-Air.local","pid":82873,"level":30,"msg":"Request: /images/s3-logo.png","time":"2016-11-28T01:31:38.475Z","v":0}
{"name":"plotly-database-connector-logger","hostname":"christophers-MacBook-Air.local","pid":82873,"level":30,"msg":"Request: /images/apache_drill-logo.png","time":"2016-11-28T01:31:38.476Z","v":0}
{"name":"plotly-database-connector-logger","hostname":"christophers-MacBook-Air.local","pid":82873,"level":30,"msg":"Request: /static/favicon-16x16.png","time":"2016-11-28T01:31:39.129Z","v":0}
{"name":"plotly-database-connector-logger","hostname":"christophers-MacBook-Air.local","pid":82873,"level":30,"msg":"Request: /static/favicon-96x96.png","time":"2016-11-28T01:31:39.146Z","v":0}
